Using locale 'en_US.UTF-8'.


Sun Sep 28 01:26:20 2025
Command line: PhotoRec /log /d /home/piotr/outputs/filtertest /cmd /home/piotr/disk_10gb.img partition_none,fileopt,everything,disable,jpg,enable,png,enable,imagesize,filesize,100k-,width,800-,height,600-,wholespace,search

PhotoRec 7.3-WIP, Data Recovery Utility, April 2025
Christophe GRENIER <grenier@cgsecurity.org>
https://www.cgsecurity.org
OS: Linux, kernel 6.8.0-79-generic (#79-Ubuntu SMP PREEMPT_DYNAMIC Tue Aug 12 14:42:46 UTC 2025) x86_64
Compiler: GCC 13.3
ext2fs lib: 1.47.0, ntfs lib: libntfs-3g, ewf lib: 20140814, libjpeg: libjpeg-turbo-2.1.5, curses lib: None
User is not root!
Hard disk list
Disk /home/piotr/disk_10gb.img - 10 GB / 10 GiB - CHS 1306 255 63 (RO), sector size=512

Partition table type (auto): Intel
Disk /home/piotr/disk_10gb.img - 10 GB / 10 GiB (RO)
Partition table type: None
   P Unknown                  0   0  1  1305 106 17   20971520

Interface File Select
4 first-level signatures enabled

Analyse
   P Unknown                  0   0  1  1305 106 17   20971520
Pass 0 (blocksize=512) STATUS_FIND_OFFSET
blocksize=1024, offset=0
Elapsed time 0h00m00s
Pass 1 (blocksize=1024) STATUS_EXT2_OFF
/home/piotr/outputs/filtertest.1/f0760554.png	 760554-760555
/home/piotr/outputs/filtertest.1/f0839272.jpg	 839272-839471
/home/piotr/outputs/filtertest.1/f0874560.png	 874560-874569
/home/piotr/outputs/filtertest.1/f0874576.png	 874576-874585
/home/piotr/outputs/filtertest.1/f0874592.png	 874592-874601
/home/piotr/outputs/filtertest.1/f0874608.png	 874608-874621
/home/piotr/outputs/filtertest.1/f0874624.png	 874624-874625
/home/piotr/outputs/filtertest.1/f0874632.png	 874632-874633
/home/piotr/outputs/filtertest.1/f0874648.png	 874648-874649
/home/piotr/outputs/filtertest.1/f0874688.png	 874688-874691
/home/piotr/outputs/filtertest.1/f0874696.png	 874696-874697
/home/piotr/outputs/filtertest.1/f0874704.png	 874704-874705
/home/piotr/outputs/filtertest.1/f0874712.png	 874712-874715
/home/piotr/outputs/filtertest.1/f0874720.png	 874720-874721
/home/piotr/outputs/filtertest.1/f0874728.png	 874728-874731
/home/piotr/outputs/filtertest.1/f0874736.png	 874736-874739
/home/piotr/outputs/filtertest.1/f0874744.png	 874744-874747
/home/piotr/outputs/filtertest.1/f0874752.png	 874752-874755
/home/piotr/outputs/filtertest.1/f0874776.png	 874776-874777
/home/piotr/outputs/filtertest.1/f0874832.png	 874832-874833
/home/piotr/outputs/filtertest.1/f0874856.png	 874856-874857
/home/piotr/outputs/filtertest.1/f0874888.png	 874888-874889
/home/piotr/outputs/filtertest.1/f0874952.png	 874952-874953
/home/piotr/outputs/filtertest.1/f0874968.png	 874968-874969
/home/piotr/outputs/filtertest.1/f1068136.png	 1068136-1068137
/home/piotr/outputs/filtertest.1/f1068152.png	 1068152-1068153
/home/piotr/outputs/filtertest.1/f1068160.png	 1068160-1068161
/home/piotr/outputs/filtertest.1/f1068168.png	 1068168-1068169
/home/piotr/outputs/filtertest.1/f1068176.png	 1068176-1068177
/home/piotr/outputs/filtertest.1/f1068184.png	 1068184-1068185
/home/piotr/outputs/filtertest.1/f1144424.png	 1144424-1144425
/home/piotr/outputs/filtertest.1/f1177244.png	 1177244-1177245
/home/piotr/outputs/filtertest.1/f1177334.png	 1177334-1177335
/home/piotr/outputs/filtertest.1/f1177364.png	 1177364-1177365
/home/piotr/outputs/filtertest.1/f1181292.png	 1181292-1181295
/home/piotr/outputs/filtertest.1/f2907952.jpg	 2907952-2907969
/home/piotr/outputs/filtertest.1/f2907976.jpg	 2907976-2907993
/home/piotr/outputs/filtertest.1/f2908008.jpg	 2908008-2908025
/home/piotr/outputs/filtertest.1/f2908040.jpg	 2908040-2908057
/home/piotr/outputs/filtertest.1/f2908064.jpg	 2908064-2908107
/home/piotr/outputs/filtertest.1/f2908112.jpg	 2908112-2908155
/home/piotr/outputs/filtertest.1/f3069768.png	 3069768-3069769
/home/piotr/outputs/filtertest.1/f3069798.png	 3069798-3069799
/home/piotr/outputs/filtertest.1/f3619808.png	 3619808-3619809
/home/piotr/outputs/filtertest.1/f3939578.png	 3939578-3939599
/home/piotr/outputs/filtertest.1/f3957340.png	 3957340-3957363
/home/piotr/outputs/filtertest.1/f3986368.png	 3986368-3986369
/home/piotr/outputs/filtertest.1/f3986376.png	 3986376-3986377
/home/piotr/outputs/filtertest.1/f3986384.png	 3986384-3986385
/home/piotr/outputs/filtertest.1/f3986392.png	 3986392-3986395
/home/piotr/outputs/filtertest.1/f3986400.png	 3986400-3986403
/home/piotr/outputs/filtertest.1/f3986416.png	 3986416-3986417
/home/piotr/outputs/filtertest.1/f4080650.png	 4080650-4080655
/home/piotr/outputs/filtertest.1/f4268712.png	 4268712-4268713
/home/piotr/outputs/filtertest.1/f4268752.png	 4268752-4268753
/home/piotr/outputs/filtertest.1/f4316416.png	 4316416-4316417
/home/piotr/outputs/filtertest.1/f4765466.png	 4765466-4765487
/home/piotr/outputs/filtertest.1/f4783228.png	 4783228-4783251
/home/piotr/outputs/filtertest.1/f5562152.png	 5562152-5562347
/home/piotr/outputs/filtertest.1/f6284920.png	 6284920-6284923
/home/piotr/outputs/filtertest.1/f6284936.jpg	 6284936-6284937
/home/piotr/outputs/filtertest.1/f6284952.png	 6284952-6284959
/home/piotr/outputs/filtertest.1/f6285088.png	 6285088-6285135
/home/piotr/outputs/filtertest.1/f6285160.png	 6285160-6285171
/home/piotr/outputs/filtertest.1/f6285184.png	 6285184-6285191
/home/piotr/outputs/filtertest.1/f6285192.png	 6285192-6285239
/home/piotr/outputs/filtertest.1/f6285240.png	 6285240-6285249
/home/piotr/outputs/filtertest.1/f6285256.png	 6285256-6285271
/home/piotr/outputs/filtertest.1/f6285280.png	 6285280-6285281
/home/piotr/outputs/filtertest.1/f6390928.png	 6390928-6390951
/home/piotr/outputs/filtertest.1/f6390952.png	 6390952-6390975
/home/piotr/outputs/filtertest.1/f6391200.png	 6391200-6391207
/home/piotr/outputs/filtertest.1/f6391208.png	 6391208-6391215
/home/piotr/outputs/filtertest.1/f6427248.png	 6427248-6427501
/home/piotr/outputs/filtertest.1/f6427504.png	 6427504-6427561
/home/piotr/outputs/filtertest.1/f6427576.png	 6427576-6427633
/home/piotr/outputs/filtertest.1/f6431440.png	 6431440-6431445
/home/piotr/outputs/filtertest.1/f6431448.png	 6431448-6431453
/home/piotr/outputs/filtertest.1/f6431456.png	 6431456-6431467
/home/piotr/outputs/filtertest.1/f6431472.png	 6431472-6431483
/home/piotr/outputs/filtertest.1/f6431488.png	 6431488-6431499
/home/piotr/outputs/filtertest.1/f6431504.png	 6431504-6431515
/home/piotr/outputs/filtertest.1/f6432692.png	 6432692-6432701
/home/piotr/outputs/filtertest.1/f6437304.png	 6437304-6437307
/home/piotr/outputs/filtertest.1/f6439012.png	 6439012-6439013
/home/piotr/outputs/filtertest.1/f6462698.png	 6462698-6462699
/home/piotr/outputs/filtertest.1/f6462700.png	 6462700-6462701
/home/piotr/outputs/filtertest.1/f6462740.png	 6462740-6462741
/home/piotr/outputs/filtertest.1/f6462748.png	 6462748-6462749
/home/piotr/outputs/filtertest.1/f6462754.png	 6462754-6462755
/home/piotr/outputs/filtertest.1/f6462848.png	 6462848-6462849
/home/piotr/outputs/filtertest.1/f6462896.png	 6462896-6462897
/home/piotr/outputs/filtertest.1/f6519004.png	 6519004-6519063
/home/piotr/outputs/filtertest.1/f6768656.png	 6768656-6768661
/home/piotr/outputs/filtertest.1/f6768672.png	 6768672-6768677
/home/piotr/outputs/filtertest.1/f6768680.png	 6768680-6768687
/home/piotr/outputs/filtertest.1/f6768688.png	 6768688-6768697
/home/piotr/outputs/filtertest.1/f6768704.png	 6768704-6768705
/home/piotr/outputs/filtertest.1/f6768712.png	 6768712-6768713
/home/piotr/outputs/filtertest.1/f6768720.png	 6768720-6768721
/home/piotr/outputs/filtertest.1/f6768728.png	 6768728-6768729
/home/piotr/outputs/filtertest.1/f6768736.png	 6768736-6768751
/home/piotr/outputs/filtertest.1/f6768752.png	 6768752-6768755
/home/piotr/outputs/filtertest.1/f6768760.png	 6768760-6768763
/home/piotr/outputs/filtertest.1/f6768768.png	 6768768-6768771
/home/piotr/outputs/filtertest.1/f6768784.png	 6768784-6768787
/home/piotr/outputs/filtertest.1/f6768792.png	 6768792-6768797
/home/piotr/outputs/filtertest.1/f6768800.png	 6768800-6768805
/home/piotr/outputs/filtertest.1/f6768808.png	 6768808-6768819
/home/piotr/outputs/filtertest.1/f6768824.png	 6768824-6768835
/home/piotr/outputs/filtertest.1/f6768840.png	 6768840-6768841
/home/piotr/outputs/filtertest.1/f6768848.png	 6768848-6768849
/home/piotr/outputs/filtertest.1/f6768856.png	 6768856-6768859
/home/piotr/outputs/filtertest.1/f6768864.png	 6768864-6768907
/home/piotr/outputs/filtertest.1/f6768912.png	 6768912-6768915
/home/piotr/outputs/filtertest.1/f6768920.png	 6768920-6768925
/home/piotr/outputs/filtertest.1/f6768928.png	 6768928-6768929
/home/piotr/outputs/filtertest.1/f6768936.png	 6768936-6768947
/home/piotr/outputs/filtertest.1/f6768952.png	 6768952-6768953
/home/piotr/outputs/filtertest.1/f6768960.png	 6768960-6768961
/home/piotr/outputs/filtertest.1/f6768984.png	 6768984-6768985
/home/piotr/outputs/filtertest.1/f6768992.png	 6768992-6768993
/home/piotr/outputs/filtertest.1/f6769000.png	 6769000-6769003
/home/piotr/outputs/filtertest.1/f6769008.png	 6769008-6769011
/home/piotr/outputs/filtertest.1/f6769016.png	 6769016-6769021
/home/piotr/outputs/filtertest.1/f6769024.png	 6769024-6769029
/home/piotr/outputs/filtertest.1/f6769032.png	 6769032-6769033
/home/piotr/outputs/filtertest.1/f6769040.png	 6769040-6769041
/home/piotr/outputs/filtertest.1/f6769048.png	 6769048-6769049
/home/piotr/outputs/filtertest.1/f6769056.png	 6769056-6769059
/home/piotr/outputs/filtertest.1/f6769064.png	 6769064-6769065
/home/piotr/outputs/filtertest.1/f6769088.png	 6769088-6769093
/home/piotr/outputs/filtertest.1/f6769096.png	 6769096-6769097
/home/piotr/outputs/filtertest.1/f6769104.png	 6769104-6769107
/home/piotr/outputs/filtertest.1/f6769112.png	 6769112-6769113
/home/piotr/outputs/filtertest.1/f6769120.png	 6769120-6769121
/home/piotr/outputs/filtertest.1/f6769128.png	 6769128-6769129
/home/piotr/outputs/filtertest.1/f6769136.png	 6769136-6769137
/home/piotr/outputs/filtertest.1/f6769144.png	 6769144-6769145
/home/piotr/outputs/filtertest.1/f6898412.png	 6898412-6898413
/home/piotr/outputs/filtertest.1/f6915592.png	 6915592-6915593
/home/piotr/outputs/filtertest.1/f6916176.png	 6916176-6916177
/home/piotr/outputs/filtertest.1/f6916354.png	 6916354-6916355
/home/piotr/outputs/filtertest.1/f6916936.png	 6916936-6916937
/home/piotr/outputs/filtertest.1/f6916972.png	 6916972-6916973
/home/piotr/outputs/filtertest.1/f6917224.png	 6917224-6917225
/home/piotr/outputs/filtertest.1/f6917672.png	 6917672-6917673
/home/piotr/outputs/filtertest.1/f6917704.png	 6917704-6917705
/home/piotr/outputs/filtertest.1/f6917712.png	 6917712-6917713
/home/piotr/outputs/filtertest.1/f6917728.png	 6917728-6917729
/home/piotr/outputs/filtertest.1/f6984712.png	 6984712-6984713
/home/piotr/outputs/filtertest.1/f6984720.png	 6984720-6984721
/home/piotr/outputs/filtertest.1/f6984728.png	 6984728-6984729
/home/piotr/outputs/filtertest.1/f7105860.png	 7105860-7105975
/home/piotr/outputs/filtertest.1/f7257160.png	 7257160-7257247
/home/piotr/outputs/filtertest.1/f7503504.png	 7503504-7503505
/home/piotr/outputs/filtertest.1/f7507236.png	 7507236-7507239
/home/piotr/outputs/filtertest.1/f7514752.png	 7514752-7514771
/home/piotr/outputs/filtertest.1/f7590008.png	 7590008-7590019
/home/piotr/outputs/filtertest.1/f7590032.png	 7590032-7590043
/home/piotr/outputs/filtertest.1/f7590056.png	 7590056-7590061
/home/piotr/outputs/filtertest.1/f7590064.png	 7590064-7590069
/home/piotr/outputs/filtertest.1/f7590072.png	 7590072-7590085
/home/piotr/outputs/filtertest.1/f7590088.png	 7590088-7590101
/home/piotr/outputs/filtertest.1/f7953670.png	 7953670-7953671
/home/piotr/outputs/filtertest.1/f8529816.png	 8529816-8529819
/home/piotr/outputs/filtertest.1/f8572432.png	 8572432-8572447
/home/piotr/outputs/filtertest.1/f8572456.png	 8572456-8572457
/home/piotr/outputs/filtertest.1/f8572464.png	 8572464-8572469
/home/piotr/outputs/filtertest.1/f8572496.png	 8572496-8572497
/home/piotr/outputs/filtertest.1/f8572504.png	 8572504-8572511
/home/piotr/outputs/filtertest.1/f8574384.png	 8574384-8574387
/home/piotr/outputs/filtertest.1/f8574400.png	 8574400-8574403
/home/piotr/outputs/filtertest.1/f8574416.png	 8574416-8574419
/home/piotr/outputs/filtertest.1/f8574424.png	 8574424-8574427
/home/piotr/outputs/filtertest.1/f8575280.png	 8575280-8575289
/home/piotr/outputs/filtertest.1/f8575296.png	 8575296-8575309
/home/piotr/outputs/filtertest.1/f8575312.png	 8575312-8575331
/home/piotr/outputs/filtertest.1/f8575336.png	 8575336-8575345
/home/piotr/outputs/filtertest.1/f8575352.png	 8575352-8575363
/home/piotr/outputs/filtertest.1/f8575368.png	 8575368-8575387
/home/piotr/outputs/filtertest.1/f8575392.png	 8575392-8575393
/home/piotr/outputs/filtertest.1/f8575400.png	 8575400-8575401
/home/piotr/outputs/filtertest.1/f8575408.png	 8575408-8575409
/home/piotr/outputs/filtertest.1/f8575416.png	 8575416-8575417
/home/piotr/outputs/filtertest.1/f8591088.png	 8591088-8591091
/home/piotr/outputs/filtertest.1/f8591960.png	 8591960-8592007
/home/piotr/outputs/filtertest.1/f8592008.png	 8592008-8592037
/home/piotr/outputs/filtertest.1/f8592440.png	 8592440-8592499
/home/piotr/outputs/filtertest.1/f8593000.png	 8593000-8593013
/home/piotr/outputs/filtertest.1/f8593016.png	 8593016-8593019
/home/piotr/outputs/filtertest.1/f8593024.png	 8593024-8593025
/home/piotr/outputs/filtertest.1/f8593032.png	 8593032-8593037
/home/piotr/outputs/filtertest.1/f8593328.png	 8593328-8593337
/home/piotr/outputs/filtertest.1/f8593344.png	 8593344-8593345
/home/piotr/outputs/filtertest.1/f8593568.png	 8593568-8593571
/home/piotr/outputs/filtertest.1/f8715576.png	 8715576-8715577
/home/piotr/outputs/filtertest.1/f8715584.png	 8715584-8715585
/home/piotr/outputs/filtertest.1/f8715608.png	 8715608-8715623
/home/piotr/outputs/filtertest.1/f8716480.png	 8716480-8716509
/home/piotr/outputs/filtertest.1/f8716512.png	 8716512-8716541
/home/piotr/outputs/filtertest.1/f8716544.png	 8716544-8716575
/home/piotr/outputs/filtertest.1/f8716576.png	 8716576-8716607
/home/piotr/outputs/filtertest.1/f8716608.png	 8716608-8716639
/home/piotr/outputs/filtertest.1/f8716648.png	 8716648-8716679
/home/piotr/outputs/filtertest.1/f8716680.png	 8716680-8716681
/home/piotr/outputs/filtertest.1/f8716712.png	 8716712-8716713
/home/piotr/outputs/filtertest.1/f8716752.png	 8716752-8716757
/home/piotr/outputs/filtertest.1/f8716760.png	 8716760-8716761
/home/piotr/outputs/filtertest.1/f8716840.png	 8716840-8716845
/home/piotr/outputs/filtertest.1/f8717512.png	 8717512-8717521
/home/piotr/outputs/filtertest.1/f8717544.png	 8717544-8717549
/home/piotr/outputs/filtertest.1/f8717552.png	 8717552-8717567
/home/piotr/outputs/filtertest.1/f8717832.png	 8717832-8717833
/home/piotr/outputs/filtertest.1/f8717840.png	 8717840-8717841
/home/piotr/outputs/filtertest.1/f8717848.png	 8717848-8717849
/home/piotr/outputs/filtertest.1/f8717856.png	 8717856-8717857
/home/piotr/outputs/filtertest.1/f8717864.png	 8717864-8717865
/home/piotr/outputs/filtertest.1/f8717872.png	 8717872-8717873
/home/piotr/outputs/filtertest.1/f8717880.png	 8717880-8717885
/home/piotr/outputs/filtertest.1/f8717888.png	 8717888-8717893
/home/piotr/outputs/filtertest.1/f8717896.png	 8717896-8717901
/home/piotr/outputs/filtertest.1/f8717920.png	 8717920-8717921
/home/piotr/outputs/filtertest.1/f8717928.png	 8717928-8717929
/home/piotr/outputs/filtertest.1/f8717936.png	 8717936-8717937
/home/piotr/outputs/filtertest.1/f8717944.png	 8717944-8717947
/home/piotr/outputs/filtertest.1/f8718312.png	 8718312-8718317
/home/piotr/outputs/filtertest.1/f8718320.png	 8718320-8718325
/home/piotr/outputs/filtertest.1/f8718328.png	 8718328-8718333
/home/piotr/outputs/filtertest.1/f8718416.png	 8718416-8718417
/home/piotr/outputs/filtertest.1/f8718424.png	 8718424-8718425
/home/piotr/outputs/filtertest.1/f8718432.png	 8718432-8718435
/home/piotr/outputs/filtertest.1/f8718440.png	 8718440-8718443
/home/piotr/outputs/filtertest.1/f8718464.png	 8718464-8718467
/home/piotr/outputs/filtertest.1/f8718488.png	 8718488-8718491
/home/piotr/outputs/filtertest.1/f8718496.png	 8718496-8718501
/home/piotr/outputs/filtertest.1/f8718504.png	 8718504-8718509
/home/piotr/outputs/filtertest.1/f8718512.png	 8718512-8718513
/home/piotr/outputs/filtertest.1/f8718520.png	 8718520-8718521
/home/piotr/outputs/filtertest.1/f8718528.png	 8718528-8718529
/home/piotr/outputs/filtertest.1/f8718536.png	 8718536-8718537
/home/piotr/outputs/filtertest.1/f8718544.png	 8718544-8718555
/home/piotr/outputs/filtertest.1/f8718560.png	 8718560-8718571
/home/piotr/outputs/filtertest.1/f8718576.png	 8718576-8718577
/home/piotr/outputs/filtertest.1/f8718584.png	 8718584-8718585
/home/piotr/outputs/filtertest.1/f8718592.png	 8718592-8718595
/home/piotr/outputs/filtertest.1/f8718600.png	 8718600-8718603
/home/piotr/outputs/filtertest.1/f8718608.png	 8718608-8718613
/home/piotr/outputs/filtertest.1/f8718616.png	 8718616-8718621
/home/piotr/outputs/filtertest.1/f8718632.png	 8718632-8718635
/home/piotr/outputs/filtertest.1/f8718648.png	 8718648-8718651
/home/piotr/outputs/filtertest.1/f8718656.png	 8718656-8718659
/home/piotr/outputs/filtertest.1/f8718664.png	 8718664-8718667
/home/piotr/outputs/filtertest.1/f8718672.png	 8718672-8718675
/home/piotr/outputs/filtertest.1/f8718680.png	 8718680-8718683
/home/piotr/outputs/filtertest.1/f8718688.png	 8718688-8718693
/home/piotr/outputs/filtertest.1/f8718696.png	 8718696-8718701
/home/piotr/outputs/filtertest.1/f8718704.png	 8718704-8718719
/home/piotr/outputs/filtertest.1/f8718720.png	 8718720-8718735
/home/piotr/outputs/filtertest.1/f8720504.png	 8720504-8720505
/home/piotr/outputs/filtertest.1/f8720512.png	 8720512-8720513
/home/piotr/outputs/filtertest.1/f8720520.png	 8720520-8720521
/home/piotr/outputs/filtertest.1/f8720528.png	 8720528-8720533
/home/piotr/outputs/filtertest.1/f8720560.png	 8720560-8720565
/home/piotr/outputs/filtertest.1/f8720568.png	 8720568-8720573
/home/piotr/outputs/filtertest.1/f8720584.png	 8720584-8720585
/home/piotr/outputs/filtertest.1/f8720592.png	 8720592-8720593
/home/piotr/outputs/filtertest.1/f8720600.png	 8720600-8720601
/home/piotr/outputs/filtertest.1/f8720608.png	 8720608-8720609
/home/piotr/outputs/filtertest.1/f8720616.png	 8720616-8720617
/home/piotr/outputs/filtertest.1/f8747376.png	 8747376-8747379
/home/piotr/outputs/filtertest.1/f8747400.png	 8747400-8747403
/home/piotr/outputs/filtertest.1/f8747408.png	 8747408-8747413
/home/piotr/outputs/filtertest.1/f8747416.png	 8747416-8747417
/home/piotr/outputs/filtertest.1/f8747424.png	 8747424-8747425
/home/piotr/outputs/filtertest.1/f8747432.png	 8747432-8747433
/home/piotr/outputs/filtertest.1/f8747440.png	 8747440-8747451
/home/piotr/outputs/filtertest.1/f8747456.png	 8747456-8747459
/home/piotr/outputs/filtertest.1/f8747472.png	 8747472-8747477
/home/piotr/outputs/filtertest.1/f8747496.png	 8747496-8747499
/home/piotr/outputs/filtertest.1/f8747504.png	 8747504-8747507
/home/piotr/outputs/filtertest.1/f8747512.png	 8747512-8747515
/home/piotr/outputs/filtertest.1/f8747544.png	 8747544-8747549
/home/piotr/outputs/filtertest.1/f8747576.png	 8747576-8747581
/home/piotr/outputs/filtertest.1/f8747584.png	 8747584-8747591
/home/piotr/outputs/filtertest.1/f8747600.png	 8747600-8747607
/home/piotr/outputs/filtertest.1/f8747608.png	 8747608-8747609
/home/piotr/outputs/filtertest.1/f8747616.png	 8747616-8747617
/home/piotr/outputs/filtertest.1/f8747624.png	 8747624-8747639
/home/piotr/outputs/filtertest.1/f8747648.png	 8747648-8747663
/home/piotr/outputs/filtertest.1/f8747664.png	 8747664-8747667
/home/piotr/outputs/filtertest.1/f8747672.png	 8747672-8747675
/home/piotr/outputs/filtertest.1/f8747680.png	 8747680-8747683
/home/piotr/outputs/filtertest.1/f8747688.png	 8747688-8747691
/home/piotr/outputs/filtertest.1/f8747696.png	 8747696-8747699
/home/piotr/outputs/filtertest.1/f8747704.png	 8747704-8747707
/home/piotr/outputs/filtertest.1/f8747712.png	 8747712-8747721
/home/piotr/outputs/filtertest.1/f8747728.png	 8747728-8747737
/home/piotr/outputs/filtertest.1/f8747752.png	 8747752-8747755
/home/piotr/outputs/filtertest.1/f8747768.png	 8747768-8747771
/home/piotr/outputs/filtertest.1/f8747776.png	 8747776-8747781
/home/piotr/outputs/filtertest.1/f8747784.png	 8747784-8747789
/home/piotr/outputs/filtertest.1/f8747792.png	 8747792-8747797
/home/piotr/outputs/filtertest.1/f8747800.png	 8747800-8747805
/home/piotr/outputs/filtertest.1/f8747808.png	 8747808-8747815
/home/piotr/outputs/filtertest.1/f8747816.png	 8747816-8747823
/home/piotr/outputs/filtertest.1/f8747824.png	 8747824-8747825
/home/piotr/outputs/filtertest.1/f8747840.png	 8747840-8747841
/home/piotr/outputs/filtertest.1/f8747848.png	 8747848-8747851
/home/piotr/outputs/filtertest.1/f8747856.png	 8747856-8747875
/home/piotr/outputs/filtertest.1/f8747880.png	 8747880-8747899
/home/piotr/outputs/filtertest.1/f8747904.png	 8747904-8747907
/home/piotr/outputs/filtertest.1/f8747912.png	 8747912-8747919
/home/piotr/outputs/filtertest.1/f8747920.png	 8747920-8747921
/home/piotr/outputs/filtertest.1/f8747928.png	 8747928-8747929
/home/piotr/outputs/filtertest.1/f8747936.png	 8747936-8747949
/home/piotr/outputs/filtertest.1/f8747952.png	 8747952-8747965
/home/piotr/outputs/filtertest.1/f8747968.png	 8747968-8747969
/home/piotr/outputs/filtertest.1/f8747976.png	 8747976-8747977
/home/piotr/outputs/filtertest.1/f8747992.png	 8747992-8747993
/home/piotr/outputs/filtertest.1/f8748000.png	 8748000-8748001
/home/piotr/outputs/filtertest.1/f8748008.png	 8748008-8748011
/home/piotr/outputs/filtertest.1/f8748016.png	 8748016-8748019
/home/piotr/outputs/filtertest.1/f8748024.png	 8748024-8748027
/home/piotr/outputs/filtertest.1/f8748040.png	 8748040-8748043
/home/piotr/outputs/filtertest.1/f8748064.png	 8748064-8748067
/home/piotr/outputs/filtertest.1/f8748072.png	 8748072-8748075
/home/piotr/outputs/filtertest.1/f8748080.png	 8748080-8748083
/home/piotr/outputs/filtertest.1/f8748088.png	 8748088-8748089
/home/piotr/outputs/filtertest.1/f8748096.png	 8748096-8748097
/home/piotr/outputs/filtertest.1/f8748104.png	 8748104-8748105
/home/piotr/outputs/filtertest.1/f8748112.png	 8748112-8748113
/home/piotr/outputs/filtertest.1/f8748120.png	 8748120-8748129
/home/piotr/outputs/filtertest.1/f8748136.png	 8748136-8748145
/home/piotr/outputs/filtertest.1/f8748152.png	 8748152-8748153
/home/piotr/outputs/filtertest.1/f8748160.png	 8748160-8748161
/home/piotr/outputs/filtertest.1/f8748168.png	 8748168-8748171
/home/piotr/outputs/filtertest.1/f8748176.png	 8748176-8748179
/home/piotr/outputs/filtertest.1/f8748184.png	 8748184-8748189
/home/piotr/outputs/filtertest.1/f8748192.png	 8748192-8748197
/home/piotr/outputs/filtertest.1/f8748208.png	 8748208-8748209
/home/piotr/outputs/filtertest.1/f8748224.png	 8748224-8748225
/home/piotr/outputs/filtertest.1/f8748232.png	 8748232-8748235
/home/piotr/outputs/filtertest.1/f8748240.png	 8748240-8748243
/home/piotr/outputs/filtertest.1/f8748248.png	 8748248-8748251
/home/piotr/outputs/filtertest.1/f8748256.png	 8748256-8748259
/home/piotr/outputs/filtertest.1/f8748264.png	 8748264-8748269
/home/piotr/outputs/filtertest.1/f8748272.png	 8748272-8748277
/home/piotr/outputs/filtertest.1/f8748304.png	 8748304-8748317
/home/piotr/outputs/filtertest.1/f8748320.png	 8748320-8748333
/home/piotr/outputs/filtertest.1/f8748336.png	 8748336-8748337
/home/piotr/outputs/filtertest.1/f8748344.png	 8748344-8748347
/home/piotr/outputs/filtertest.1/f8748352.png	 8748352-8748355
/home/piotr/outputs/filtertest.1/f8748360.png	 8748360-8748363
/home/piotr/outputs/filtertest.1/f8748376.png	 8748376-8748377
/home/piotr/outputs/filtertest.1/f8748384.png	 8748384-8748385
/home/piotr/outputs/filtertest.1/f8748392.png	 8748392-8748393
/home/piotr/outputs/filtertest.1/f8748400.png	 8748400-8748401
/home/piotr/outputs/filtertest.1/f8748408.png	 8748408-8748409
/home/piotr/outputs/filtertest.1/f8748416.png	 8748416-8748417
/home/piotr/outputs/filtertest.1/f8748448.png	 8748448-8748449
/home/piotr/outputs/filtertest.1/f8748456.png	 8748456-8748459
/home/piotr/outputs/filtertest.1/f8748464.png	 8748464-8748471
/home/piotr/outputs/filtertest.1/f8748472.png	 8748472-8748473
/home/piotr/outputs/filtertest.1/f8748480.png	 8748480-8748481
/home/piotr/outputs/filtertest.1/f8748488.png	 8748488-8748491
/home/piotr/outputs/filtertest.1/f8748512.png	 8748512-8748513
/home/piotr/outputs/filtertest.1/f8748520.png	 8748520-8748523
/home/piotr/outputs/filtertest.1/f8748528.png	 8748528-8748531
/home/piotr/outputs/filtertest.1/f8748536.png	 8748536-8748539
/home/piotr/outputs/filtertest.1/f8760088.png	 8760088-8760089
/home/piotr/outputs/filtertest.1/f8760464.png	 8760464-8760465
/home/piotr/outputs/filtertest.1/f8760480.png	 8760480-8760481
/home/piotr/outputs/filtertest.1/f8760488.png	 8760488-8760489
/home/piotr/outputs/filtertest.1/f8760504.png	 8760504-8760505
/home/piotr/outputs/filtertest.1/f8760512.png	 8760512-8760513
/home/piotr/outputs/filtertest.1/f8760520.png	 8760520-8760521
/home/piotr/outputs/filtertest.1/f8760528.png	 8760528-8760529
/home/piotr/outputs/filtertest.1/f8760536.png	 8760536-8760537
/home/piotr/outputs/filtertest.1/f8760544.png	 8760544-8760545
/home/piotr/outputs/filtertest.1/f8760552.png	 8760552-8760553
/home/piotr/outputs/filtertest.1/f8760592.png	 8760592-8760593
/home/piotr/outputs/filtertest.1/f8760600.png	 8760600-8760601
/home/piotr/outputs/filtertest.1/f8760608.png	 8760608-8760609
/home/piotr/outputs/filtertest.1/f8760616.png	 8760616-8760617
/home/piotr/outputs/filtertest.1/f8760624.png	 8760624-8760625
/home/piotr/outputs/filtertest.1/f8760632.png	 8760632-8760633
/home/piotr/outputs/filtertest.1/f8760960.png	 8760960-8760961
/home/piotr/outputs/filtertest.1/f8761512.png	 8761512-8761513
/home/piotr/outputs/filtertest.1/f8762152.png	 8762152-8762153
/home/piotr/outputs/filtertest.1/f8763536.png	 8763536-8763539
/home/piotr/outputs/filtertest.1/f8763544.png	 8763544-8763561
/home/piotr/outputs/filtertest.1/f8763568.png	 8763568-8763573
/home/piotr/outputs/filtertest.1/f8763576.png	 8763576-8763581
/home/piotr/outputs/filtertest.1/f8763584.png	 8763584-8763589
/home/piotr/outputs/filtertest.1/f8763592.png	 8763592-8763599
/home/piotr/outputs/filtertest.1/f8763600.png	 8763600-8763619
/home/piotr/outputs/filtertest.1/f8763624.png	 8763624-8763633
/home/piotr/outputs/filtertest.1/f8763640.png	 8763640-8763649
/home/piotr/outputs/filtertest.1/f8763704.png	 8763704-8763727
/home/piotr/outputs/filtertest.1/f8763728.png	 8763728-8763733
/home/piotr/outputs/filtertest.1/f8763736.png	 8763736-8763737
/home/piotr/outputs/filtertest.1/f8763744.png	 8763744-8763819
/home/piotr/outputs/filtertest.1/f8763824.png	 8763824-8763825
/home/piotr/outputs/filtertest.1/f8763832.png	 8763832-8763869
/home/piotr/outputs/filtertest.1/f8763872.png	 8763872-8763877
/home/piotr/outputs/filtertest.1/f8763880.png	 8763880-8763883
/home/piotr/outputs/filtertest.1/f8763888.png	 8763888-8763889
/home/piotr/outputs/filtertest.1/f8763896.png	 8763896-8763903
/home/piotr/outputs/filtertest.1/f8763912.png	 8763912-8763913
/home/piotr/outputs/filtertest.1/f8763920.png	 8763920-8763923
/home/piotr/outputs/filtertest.1/f8763928.png	 8763928-8763931
/home/piotr/outputs/filtertest.1/f8763936.png	 8763936-8763937
/home/piotr/outputs/filtertest.1/f8763944.png	 8763944-8763945
/home/piotr/outputs/filtertest.1/f8763952.png	 8763952-8763955
/home/piotr/outputs/filtertest.1/f8763960.png	 8763960-8763963
/home/piotr/outputs/filtertest.1/f8763968.png	 8763968-8763969
/home/piotr/outputs/filtertest.1/f8763976.png	 8763976-8763977
/home/piotr/outputs/filtertest.1/f8763984.png	 8763984-8763987
/home/piotr/outputs/filtertest.1/f8763992.png	 8763992-8763995
/home/piotr/outputs/filtertest.1/f8764000.png	 8764000-8764001
/home/piotr/outputs/filtertest.1/f8764008.png	 8764008-8764009
/home/piotr/outputs/filtertest.1/f8764016.png	 8764016-8764017
/home/piotr/outputs/filtertest.1/f8764024.png	 8764024-8764025
/home/piotr/outputs/filtertest.1/f8764032.png	 8764032-8764037
/home/piotr/outputs/filtertest.1/f8764040.png	 8764040-8764045
/home/piotr/outputs/filtertest.1/f8764048.png	 8764048-8764049
/home/piotr/outputs/filtertest.1/f8764056.png	 8764056-8764057
/home/piotr/outputs/filtertest.1/f8764064.png	 8764064-8764065
/home/piotr/outputs/filtertest.1/f8764072.png	 8764072-8764073
/home/piotr/outputs/filtertest.1/f8764080.png	 8764080-8764085
/home/piotr/outputs/filtertest.1/f8764088.png	 8764088-8764093
/home/piotr/outputs/filtertest.1/f8764096.png	 8764096-8764097
/home/piotr/outputs/filtertest.1/f8764104.png	 8764104-8764105
/home/piotr/outputs/filtertest.1/f8764144.png	 8764144-8764145
/home/piotr/outputs/filtertest.1/f8764152.png	 8764152-8764153
/home/piotr/outputs/filtertest.1/f8764160.png	 8764160-8764165
/home/piotr/outputs/filtertest.1/f8764168.png	 8764168-8764173
/home/piotr/outputs/filtertest.1/f8764176.png	 8764176-8764177
/home/piotr/outputs/filtertest.1/f8764184.png	 8764184-8764185
/home/piotr/outputs/filtertest.1/f8764192.png	 8764192-8764193
/home/piotr/outputs/filtertest.1/f8764200.png	 8764200-8764201
/home/piotr/outputs/filtertest.1/f8764208.png	 8764208-8764215
/home/piotr/outputs/filtertest.1/f8764216.png	 8764216-8764223
/home/piotr/outputs/filtertest.1/f8764224.png	 8764224-8764225
/home/piotr/outputs/filtertest.1/f8764232.png	 8764232-8764233
/home/piotr/outputs/filtertest.1/f8764240.png	 8764240-8764243
/home/piotr/outputs/filtertest.1/f8764248.png	 8764248-8764251
/home/piotr/outputs/filtertest.1/f8764256.png	 8764256-8764257
/home/piotr/outputs/filtertest.1/f8764264.png	 8764264-8764265
/home/piotr/outputs/filtertest.1/f8764272.png	 8764272-8764279
/home/piotr/outputs/filtertest.1/f8764280.png	 8764280-8764287
/home/piotr/outputs/filtertest.1/f8764288.png	 8764288-8764291
/home/piotr/outputs/filtertest.1/f8764296.png	 8764296-8764299
/home/piotr/outputs/filtertest.1/f8764304.png	 8764304-8764307
/home/piotr/outputs/filtertest.1/f8764312.png	 8764312-8764313
/home/piotr/outputs/filtertest.1/f8764320.png	 8764320-8764321
/home/piotr/outputs/filtertest.1/f8764328.png	 8764328-8764331
/home/piotr/outputs/filtertest.1/f8764336.png	 8764336-8764337
/home/piotr/outputs/filtertest.1/f8764344.png	 8764344-8764345
/home/piotr/outputs/filtertest.1/f8764352.png	 8764352-8764355
/home/piotr/outputs/filtertest.1/f8764360.png	 8764360-8764361
/home/piotr/outputs/filtertest.1/f8764368.png	 8764368-8764369
/home/piotr/outputs/filtertest.1/f8764376.png	 8764376-8764381
/home/piotr/outputs/filtertest.1/f8764384.png	 8764384-8764385
/home/piotr/outputs/filtertest.1/f8764392.png	 8764392-8764393
/home/piotr/outputs/filtertest.1/f8764400.png	 8764400-8764403
/home/piotr/outputs/filtertest.1/f8764928.png	 8764928-8764929
/home/piotr/outputs/filtertest.1/f8764936.png	 8764936-8764937
/home/piotr/outputs/filtertest.1/f8764944.png	 8764944-8764947
/home/piotr/outputs/filtertest.1/f8764952.png	 8764952-8764955
/home/piotr/outputs/filtertest.1/f8764968.png	 8764968-8764971
/home/piotr/outputs/filtertest.1/f8765008.png	 8765008-8765015
/home/piotr/outputs/filtertest.1/f8765016.png	 8765016-8765023
/home/piotr/outputs/filtertest.1/f8765024.png	 8765024-8765029
/home/piotr/outputs/filtertest.1/f8765032.png	 8765032-8765033
/home/piotr/outputs/filtertest.1/f8765064.png	 8765064-8765065
/home/piotr/outputs/filtertest.1/f8765080.png	 8765080-8765081
/home/piotr/outputs/filtertest.1/f8765088.png	 8765088-8765089
/home/piotr/outputs/filtertest.1/f8765096.png	 8765096-8765097
/home/piotr/outputs/filtertest.1/f8765104.png	 8765104-8765105
/home/piotr/outputs/filtertest.1/f8765112.png	 8765112-8765113
/home/piotr/outputs/filtertest.1/f8765120.png	 8765120-8765121
/home/piotr/outputs/filtertest.1/f8765128.png	 8765128-8765129
/home/piotr/outputs/filtertest.1/f8765144.png	 8765144-8765145
/home/piotr/outputs/filtertest.1/f8765152.png	 8765152-8765153
/home/piotr/outputs/filtertest.1/f8765168.png	 8765168-8765169
/home/piotr/outputs/filtertest.1/f8765176.png	 8765176-8765177
/home/piotr/outputs/filtertest.1/f8765184.png	 8765184-8765185
/home/piotr/outputs/filtertest.1/f8765192.png	 8765192-8765193
/home/piotr/outputs/filtertest.1/f8765200.png	 8765200-8765201
/home/piotr/outputs/filtertest.1/f8765208.png	 8765208-8765209
/home/piotr/outputs/filtertest.1/f8765216.png	 8765216-8765217
/home/piotr/outputs/filtertest.1/f8765224.png	 8765224-8765225
/home/piotr/outputs/filtertest.1/f8765232.png	 8765232-8765233
/home/piotr/outputs/filtertest.1/f8765240.png	 8765240-8765241
/home/piotr/outputs/filtertest.1/f8765256.png	 8765256-8765257
/home/piotr/outputs/filtertest.1/f8769120.png	 8769120-8769121
/home/piotr/outputs/filtertest.1/f8769128.png	 8769128-8769129
/home/piotr/outputs/filtertest.1/f8769136.png	 8769136-8769137
/home/piotr/outputs/filtertest.2/f8769144.png	 8769144-8769147
/home/piotr/outputs/filtertest.2/f8769152.png	 8769152-8769155
/home/piotr/outputs/filtertest.2/f8769168.png	 8769168-8769169
/home/piotr/outputs/filtertest.2/f8769176.png	 8769176-8769179
/home/piotr/outputs/filtertest.2/f8769184.png	 8769184-8769185
/home/piotr/outputs/filtertest.2/f8769192.png	 8769192-8769193
/home/piotr/outputs/filtertest.2/f8769200.png	 8769200-8769201
/home/piotr/outputs/filtertest.2/f8769208.png	 8769208-8769209
/home/piotr/outputs/filtertest.2/f8769232.png	 8769232-8769235
/home/piotr/outputs/filtertest.2/f8769240.png	 8769240-8769243
/home/piotr/outputs/filtertest.2/f8769248.png	 8769248-8769251
/home/piotr/outputs/filtertest.2/f8769256.png	 8769256-8769259
/home/piotr/outputs/filtertest.2/f8769264.png	 8769264-8769265
/home/piotr/outputs/filtertest.2/f8769272.png	 8769272-8769279
/home/piotr/outputs/filtertest.2/f8769280.png	 8769280-8769287
/home/piotr/outputs/filtertest.2/f8769288.png	 8769288-8769289
/home/piotr/outputs/filtertest.2/f8769304.png	 8769304-8769305
/home/piotr/outputs/filtertest.2/f8769312.png	 8769312-8769367
/home/piotr/outputs/filtertest.2/f8769368.png	 8769368-8769371
/home/piotr/outputs/filtertest.2/f8769376.png	 8769376-8769381
/home/piotr/outputs/filtertest.2/f8769744.png	 8769744-8769747
/home/piotr/outputs/filtertest.2/f8769768.png	 8769768-8769773
/home/piotr/outputs/filtertest.2/f8769776.png	 8769776-8769777
/home/piotr/outputs/filtertest.2/f8769784.png	 8769784-8769793
/home/piotr/outputs/filtertest.2/f8769800.png	 8769800-8769801
/home/piotr/outputs/filtertest.2/f8769808.png	 8769808-8769809
/home/piotr/outputs/filtertest.2/f8782528.png	 8782528-8782557
/home/piotr/outputs/filtertest.2/f8782560.png	 8782560-8782589
/home/piotr/outputs/filtertest.2/f8782592.png	 8782592-8782621
/home/piotr/outputs/filtertest.2/f8782624.png	 8782624-8782653
/home/piotr/outputs/filtertest.2/f8782656.png	 8782656-8782687
/home/piotr/outputs/filtertest.2/f8782688.png	 8782688-8782717
/home/piotr/outputs/filtertest.2/f8782720.png	 8782720-8782749
/home/piotr/outputs/filtertest.2/f8782752.png	 8782752-8782781
/home/piotr/outputs/filtertest.2/f8782784.png	 8782784-8782813
/home/piotr/outputs/filtertest.2/f8782920.png	 8782920-8782949
/home/piotr/outputs/filtertest.2/f8782960.png	 8782960-8782989
/home/piotr/outputs/filtertest.2/f8782992.png	 8782992-8783021
/home/piotr/outputs/filtertest.2/f8783024.png	 8783024-8783053
/home/piotr/outputs/filtertest.2/f8783056.png	 8783056-8783085
/home/piotr/outputs/filtertest.2/f8783088.png	 8783088-8783119
/home/piotr/outputs/filtertest.2/f8783120.png	 8783120-8783149
/home/piotr/outputs/filtertest.2/f8792632.png	 8792632-8792633
/home/piotr/outputs/filtertest.2/f8792640.png	 8792640-8792641
/home/piotr/outputs/filtertest.2/f8792648.png	 8792648-8792651
/home/piotr/outputs/filtertest.2/f8792664.png	 8792664-8792665
/home/piotr/outputs/filtertest.2/f8792672.png	 8792672-8792673
/home/piotr/outputs/filtertest.2/f8792680.png	 8792680-8792681
/home/piotr/outputs/filtertest.2/f8792688.png	 8792688-8792689
/home/piotr/outputs/filtertest.2/f8792696.png	 8792696-8792697
/home/piotr/outputs/filtertest.2/f8792704.png	 8792704-8792707
/home/piotr/outputs/filtertest.2/f8792712.png	 8792712-8792715
/home/piotr/outputs/filtertest.2/f8792728.png	 8792728-8792729
/home/piotr/outputs/filtertest.2/f8792744.png	 8792744-8792745
/home/piotr/outputs/filtertest.2/f8792752.png	 8792752-8792755
/home/piotr/outputs/filtertest.2/f8792760.png	 8792760-8792761
/home/piotr/outputs/filtertest.2/f8792768.png	 8792768-8792769
/home/piotr/outputs/filtertest.2/f8792776.png	 8792776-8792777
/home/piotr/outputs/filtertest.2/f8792784.png	 8792784-8792785
/home/piotr/outputs/filtertest.2/f8792792.png	 8792792-8792793
/home/piotr/outputs/filtertest.2/f8792800.png	 8792800-8792803
/home/piotr/outputs/filtertest.2/f8792808.png	 8792808-8792811
/home/piotr/outputs/filtertest.2/f8792816.png	 8792816-8792817
/home/piotr/outputs/filtertest.2/f8792832.png	 8792832-8792833
/home/piotr/outputs/filtertest.2/f8792856.png	 8792856-8792857
/home/piotr/outputs/filtertest.2/f8792864.png	 8792864-8792865
/home/piotr/outputs/filtertest.2/f8792872.png	 8792872-8792873
/home/piotr/outputs/filtertest.2/f8792880.png	 8792880-8792881
/home/piotr/outputs/filtertest.2/f8792888.png	 8792888-8792889
/home/piotr/outputs/filtertest.2/f8792896.png	 8792896-8792897
/home/piotr/outputs/filtertest.2/f8792904.png	 8792904-8792907
/home/piotr/outputs/filtertest.2/f8792920.png	 8792920-8792921
/home/piotr/outputs/filtertest.2/f8792928.png	 8792928-8792931
/home/piotr/outputs/filtertest.2/f8792936.png	 8792936-8792937
/home/piotr/outputs/filtertest.2/f8792944.png	 8792944-8792945
/home/piotr/outputs/filtertest.2/f8792960.png	 8792960-8792961
/home/piotr/outputs/filtertest.2/f8792968.png	 8792968-8792969
/home/piotr/outputs/filtertest.2/f8792976.png	 8792976-8792979
/home/piotr/outputs/filtertest.2/f8792992.png	 8792992-8792995
/home/piotr/outputs/filtertest.2/f8793056.png	 8793056-8793057
/home/piotr/outputs/filtertest.2/f8793080.png	 8793080-8793081
/home/piotr/outputs/filtertest.2/f8794696.png	 8794696-8794697
/home/piotr/outputs/filtertest.2/f8794704.png	 8794704-8794705
/home/piotr/outputs/filtertest.2/f8794712.png	 8794712-8794715
/home/piotr/outputs/filtertest.2/f8794728.png	 8794728-8794731
/home/piotr/outputs/filtertest.2/f8795152.png	 8795152-8795153
/home/piotr/outputs/filtertest.2/f8795160.png	 8795160-8795163
/home/piotr/outputs/filtertest.2/f8795168.png	 8795168-8795171
/home/piotr/outputs/filtertest.2/f8795552.png	 8795552-8795555
/home/piotr/outputs/filtertest.2/f8795560.png	 8795560-8795563
/home/piotr/outputs/filtertest.2/f8795568.png	 8795568-8795575
/home/piotr/outputs/filtertest.2/f8795680.png	 8795680-8795681
/home/piotr/outputs/filtertest.2/f8795688.png	 8795688-8795689
/home/piotr/outputs/filtertest.2/f8795696.png	 8795696-8795697
/home/piotr/outputs/filtertest.2/f8795704.png	 8795704-8795705
/home/piotr/outputs/filtertest.2/f8795720.png	 8795720-8795721
/home/piotr/outputs/filtertest.2/f8795728.png	 8795728-8795731
/home/piotr/outputs/filtertest.2/f8795736.png	 8795736-8795739
/home/piotr/outputs/filtertest.2/f8795744.png	 8795744-8795745
/home/piotr/outputs/filtertest.2/f8795768.png	 8795768-8795769
/home/piotr/outputs/filtertest.2/f8795776.png	 8795776-8795777
/home/piotr/outputs/filtertest.2/f8795784.png	 8795784-8795785
/home/piotr/outputs/filtertest.2/f8795792.png	 8795792-8795793
/home/piotr/outputs/filtertest.2/f8795800.png	 8795800-8795801
/home/piotr/outputs/filtertest.2/f8795808.png	 8795808-8795809
/home/piotr/outputs/filtertest.2/f8795816.png	 8795816-8795817
/home/piotr/outputs/filtertest.2/f8795824.png	 8795824-8795825
/home/piotr/outputs/filtertest.2/f8795832.png	 8795832-8795833
/home/piotr/outputs/filtertest.2/f8795840.png	 8795840-8795841
/home/piotr/outputs/filtertest.2/f8795848.png	 8795848-8795849
/home/piotr/outputs/filtertest.2/f8795856.png	 8795856-8795857
/home/piotr/outputs/filtertest.2/f8795864.png	 8795864-8795865
/home/piotr/outputs/filtertest.2/f8795872.png	 8795872-8795873
/home/piotr/outputs/filtertest.2/f8795880.png	 8795880-8795881
/home/piotr/outputs/filtertest.2/f8795888.png	 8795888-8795889
/home/piotr/outputs/filtertest.2/f8795912.png	 8795912-8795913
/home/piotr/outputs/filtertest.2/f8795920.png	 8795920-8795921
/home/piotr/outputs/filtertest.2/f8795928.png	 8795928-8795929
/home/piotr/outputs/filtertest.2/f8795936.png	 8795936-8795937
/home/piotr/outputs/filtertest.2/f8795944.png	 8795944-8795945
/home/piotr/outputs/filtertest.2/f8795952.png	 8795952-8795953
/home/piotr/outputs/filtertest.2/f8795960.png	 8795960-8795961
/home/piotr/outputs/filtertest.2/f8795968.png	 8795968-8795969
/home/piotr/outputs/filtertest.2/f8796008.png	 8796008-8796009
/home/piotr/outputs/filtertest.2/f8796688.png	 8796688-8796689
/home/piotr/outputs/filtertest.2/f8796696.png	 8796696-8796699
/home/piotr/outputs/filtertest.2/f8796712.png	 8796712-8796713
/home/piotr/outputs/filtertest.2/f8796720.png	 8796720-8796721
/home/piotr/outputs/filtertest.2/f8796728.png	 8796728-8796729
/home/piotr/outputs/filtertest.2/f8796736.png	 8796736-8796739
/home/piotr/outputs/filtertest.2/f8796744.png	 8796744-8796745
/home/piotr/outputs/filtertest.2/f8796752.png	 8796752-8796753
/home/piotr/outputs/filtertest.2/f8796768.png	 8796768-8796769
/home/piotr/outputs/filtertest.2/f8796776.png	 8796776-8796777
/home/piotr/outputs/filtertest.2/f8796784.png	 8796784-8796785
/home/piotr/outputs/filtertest.2/f8796792.png	 8796792-8796793
/home/piotr/outputs/filtertest.2/f8796800.png	 8796800-8796801
/home/piotr/outputs/filtertest.2/f8796808.png	 8796808-8796811
/home/piotr/outputs/filtertest.2/f8796816.png	 8796816-8796817
/home/piotr/outputs/filtertest.2/f8796824.png	 8796824-8796827
/home/piotr/outputs/filtertest.2/f8796832.png	 8796832-8796833
/home/piotr/outputs/filtertest.2/f8796848.png	 8796848-8796849
/home/piotr/outputs/filtertest.2/f8796856.png	 8796856-8796857
/home/piotr/outputs/filtertest.2/f8796864.png	 8796864-8796865
/home/piotr/outputs/filtertest.2/f8796872.png	 8796872-8796873
/home/piotr/outputs/filtertest.2/f8796880.png	 8796880-8796881
/home/piotr/outputs/filtertest.2/f8796888.png	 8796888-8796889
/home/piotr/outputs/filtertest.2/f8796896.png	 8796896-8796899
/home/piotr/outputs/filtertest.2/f8796912.png	 8796912-8796913
/home/piotr/outputs/filtertest.2/f8796920.png	 8796920-8796921
/home/piotr/outputs/filtertest.2/f8796928.png	 8796928-8796929
/home/piotr/outputs/filtertest.2/f8796936.png	 8796936-8796937
/home/piotr/outputs/filtertest.2/f8796944.png	 8796944-8796945
/home/piotr/outputs/filtertest.2/f8796952.png	 8796952-8796953
/home/piotr/outputs/filtertest.2/f8796976.png	 8796976-8796977
/home/piotr/outputs/filtertest.2/f8796984.png	 8796984-8796989
/home/piotr/outputs/filtertest.2/f8796992.png	 8796992-8796997
/home/piotr/outputs/filtertest.2/f8797000.png	 8797000-8797001
/home/piotr/outputs/filtertest.2/f8797008.png	 8797008-8797009
/home/piotr/outputs/filtertest.2/f8797016.png	 8797016-8797019
/home/piotr/outputs/filtertest.2/f8798536.png	 8798536-8798539
/home/piotr/outputs/filtertest.2/f8798568.png	 8798568-8798573
/home/piotr/outputs/filtertest.2/f8798576.png	 8798576-8798577
/home/piotr/outputs/filtertest.2/f8798584.png	 8798584-8798585
/home/piotr/outputs/filtertest.2/f8798592.png	 8798592-8798593
/home/piotr/outputs/filtertest.2/f8798600.png	 8798600-8798601
/home/piotr/outputs/filtertest.2/f8798608.png	 8798608-8798611
/home/piotr/outputs/filtertest.2/f8798640.png	 8798640-8798641
/home/piotr/outputs/filtertest.2/f8798680.png	 8798680-8798681
/home/piotr/outputs/filtertest.2/f8798688.png	 8798688-8798689
/home/piotr/outputs/filtertest.2/f8804992.png	 8804992-8804993
/home/piotr/outputs/filtertest.2/f8812464.png	 8812464-8812465
/home/piotr/outputs/filtertest.2/f8812472.png	 8812472-8812473
/home/piotr/outputs/filtertest.2/f8812480.png	 8812480-8812483
/home/piotr/outputs/filtertest.2/f8812488.png	 8812488-8812493
/home/piotr/outputs/filtertest.2/f8821120.png	 8821120-8821121
/home/piotr/outputs/filtertest.2/f8824570.png	 8824570-8824571
/home/piotr/outputs/filtertest.2/f8824608.png	 8824608-8824609
/home/piotr/outputs/filtertest.2/f8836480.png	 8836480-8836481
/home/piotr/outputs/filtertest.2/f8866408.png	 8866408-8866409
/home/piotr/outputs/filtertest.2/f8867024.png	 8867024-8867025
/home/piotr/outputs/filtertest.2/f8867040.png	 8867040-8867041
/home/piotr/outputs/filtertest.2/f8869048.png	 8869048-8869049
/home/piotr/outputs/filtertest.2/f8877024.png	 8877024-8877025
/home/piotr/outputs/filtertest.2/f8878856.png	 8878856-8878857
/home/piotr/outputs/filtertest.2/f8883864.png	 8883864-8883865
/home/piotr/outputs/filtertest.2/f8901482.png	 8901482-8901487
/home/piotr/outputs/filtertest.2/f8994928.png	 8994928-8994929
/home/piotr/outputs/filtertest.2/f9002600.png	 9002600-9002601
/home/piotr/outputs/filtertest.2/f9002640.png	 9002640-9002641
/home/piotr/outputs/filtertest.2/f9050456.png	 9050456-9050457
/home/piotr/outputs/filtertest.2/f9052104.png	 9052104-9052105
/home/piotr/outputs/filtertest.2/f9056264.png	 9056264-9056265
/home/piotr/outputs/filtertest.2/f9058768.png	 9058768-9058769
/home/piotr/outputs/filtertest.2/f9059168.png	 9059168-9059169
/home/piotr/outputs/filtertest.2/f9077528.png	 9077528-9077529
/home/piotr/outputs/filtertest.2/f9081400.png	 9081400-9081401
/home/piotr/outputs/filtertest.2/f9082208.png	 9082208-9082209
/home/piotr/outputs/filtertest.2/f9083648.png	 9083648-9083649
/home/piotr/outputs/filtertest.2/f9083688.png	 9083688-9083689
/home/piotr/outputs/filtertest.2/f9089312.png	 9089312-9089313
/home/piotr/outputs/filtertest.2/f9112354.png	 9112354-9112355
/home/piotr/outputs/filtertest.2/f9115136.png	 9115136-9115137
/home/piotr/outputs/filtertest.2/f9136000.png	 9136000-9136001
/home/piotr/outputs/filtertest.2/f9143752.png	 9143752-9143753
/home/piotr/outputs/filtertest.2/f9145480.png	 9145480-9145481
/home/piotr/outputs/filtertest.2/f9159944.png	 9159944-9159945
/home/piotr/outputs/filtertest.2/f9159960.png	 9159960-9159961
/home/piotr/outputs/filtertest.2/f9159976.png	 9159976-9159977
/home/piotr/outputs/filtertest.2/f9159984.png	 9159984-9159985
/home/piotr/outputs/filtertest.2/f9159992.png	 9159992-9159993
/home/piotr/outputs/filtertest.2/f9160000.png	 9160000-9160001
/home/piotr/outputs/filtertest.2/f9160008.png	 9160008-9160009
/home/piotr/outputs/filtertest.2/f9160016.png	 9160016-9160017
/home/piotr/outputs/filtertest.2/f9160024.png	 9160024-9160025
/home/piotr/outputs/filtertest.2/f9160032.png	 9160032-9160033
/home/piotr/outputs/filtertest.2/f9160056.png	 9160056-9160057
/home/piotr/outputs/filtertest.2/f9160080.png	 9160080-9160081
/home/piotr/outputs/filtertest.2/f9172662.png	 9172662-9172711
/home/piotr/outputs/filtertest.2/f9185096.png	 9185096-9185097
/home/piotr/outputs/filtertest.2/f9189096.png	 9189096-9189097
/home/piotr/outputs/filtertest.2/f9189104.png	 9189104-9189105
/home/piotr/outputs/filtertest.2/f9189112.png	 9189112-9189113
/home/piotr/outputs/filtertest.2/f9201936.png	 9201936-9201937
/home/piotr/outputs/filtertest.2/f9203832.png	 9203832-9203833
/home/piotr/outputs/filtertest.2/f9214016.png	 9214016-9214017
/home/piotr/outputs/filtertest.2/f9216176.png	 9216176-9216177
/home/piotr/outputs/filtertest.2/f9225808.png	 9225808-9225809
/home/piotr/outputs/filtertest.2/f9226306.png	 9226306-9226437
/home/piotr/outputs/filtertest.2/f9227456.png	 9227456-9227457
/home/piotr/outputs/filtertest.2/f9227744.png	 9227744-9227745
/home/piotr/outputs/filtertest.2/f9229424.png	 9229424-9229425
/home/piotr/outputs/filtertest.2/f9229448.png	 9229448-9229449
/home/piotr/outputs/filtertest.2/f9229472.png	 9229472-9229473
/home/piotr/outputs/filtertest.2/f9229480.png	 9229480-9229481
/home/piotr/outputs/filtertest.2/f9229488.png	 9229488-9229489
/home/piotr/outputs/filtertest.2/f9229656.png	 9229656-9229657
/home/piotr/outputs/filtertest.2/f9230392.png	 9230392-9230393
/home/piotr/outputs/filtertest.2/f9257812.png	 9257812-9257813
/home/piotr/outputs/filtertest.2/f9288536.png	 9288536-9288537
/home/piotr/outputs/filtertest.2/f9488728.jpg	 9488728-9488799
/home/piotr/outputs/filtertest.2/f9497672.jpg	 9497672-9497883
/home/piotr/outputs/filtertest.2/f9497888.jpg	 9497888-9498039
/home/piotr/outputs/filtertest.2/f9498376.jpg	 9498376-9498619
/home/piotr/outputs/filtertest.2/f9499312.jpg	 9499312-9499581
/home/piotr/outputs/filtertest.2/f9628864.png	 9628864-9628865
/home/piotr/outputs/filtertest.2/f9729504.jpg	 9729504-9729519
/home/piotr/outputs/filtertest.2/f9730488.png	 9730488-9730495
/home/piotr/outputs/filtertest.2/f9730496.png	 9730496-9730509
/home/piotr/outputs/filtertest.2/f9730512.png	 9730512-9730519
/home/piotr/outputs/filtertest.2/f9774456.png	 9774456-9774457
/home/piotr/outputs/filtertest.2/f16999438.png	 16999438-16999501
/home/piotr/outputs/filtertest.2/f17209058.png	 17209058-17209059
/home/piotr/outputs/filtertest.2/f17211464.png	 17211464-17211539
/home/piotr/outputs/filtertest.2/f17584672.png	 17584672-17584673
/home/piotr/outputs/filtertest.2/f17607192.png	 17607192-17607193
/home/piotr/outputs/filtertest.2/f17607200.png	 17607200-17607201
/home/piotr/outputs/filtertest.2/f17607224.png	 17607224-17607225
/home/piotr/outputs/filtertest.2/f17621296.png	 17621296-17621297
/home/piotr/outputs/filtertest.2/f17621304.png	 17621304-17621305
/home/piotr/outputs/filtertest.2/f17646160.png	 17646160-17646161
/home/piotr/outputs/filtertest.2/f17653648.png	 17653648-17653649
/home/piotr/outputs/filtertest.2/f17653656.png	 17653656-17653657
/home/piotr/outputs/filtertest.2/f17653672.png	 17653672-17653673
/home/piotr/outputs/filtertest.2/f17658544.png	 17658544-17658545
/home/piotr/outputs/filtertest.2/f17694944.png	 17694944-17694945
/home/piotr/outputs/filtertest.2/f17700640.png	 17700640-17700641
/home/piotr/outputs/filtertest.2/f17700648.png	 17700648-17700649
/home/piotr/outputs/filtertest.2/f17700672.png	 17700672-17700673
/home/piotr/outputs/filtertest.2/f17700688.png	 17700688-17700689
/home/piotr/outputs/filtertest.2/f17702768.png	 17702768-17702769
/home/piotr/outputs/filtertest.2/f17702784.png	 17702784-17702785
/home/piotr/outputs/filtertest.2/f17702792.png	 17702792-17702793
/home/piotr/outputs/filtertest.2/f17721568.png	 17721568-17721569
/home/piotr/outputs/filtertest.2/f17721584.png	 17721584-17721585
/home/piotr/outputs/filtertest.2/f17721592.png	 17721592-17721593
/home/piotr/outputs/filtertest.2/f17784712.png	 17784712-17784713
/home/piotr/outputs/filtertest.2/f17867376.png	 17867376-17867377
/home/piotr/outputs/filtertest.2/f19346746.png	 19346746-19346815
/home/piotr/outputs/filtertest.2/f19526342.png	 19526342-19526407
/home/piotr/outputs/filtertest.2/f19586214.png	 19586214-19586215
/home/piotr/outputs/filtertest.2/f19796460.png	 19796460-19796461
/home/piotr/outputs/filtertest.2/f19842088.png	 19842088-19842089
/home/piotr/outputs/filtertest.2/f20026466.png	 20026466-20026467
/home/piotr/outputs/filtertest.2/f20089434.png	 20089434-20089435
/home/piotr/outputs/filtertest.2/f20089482.png	 20089482-20089483
/home/piotr/outputs/filtertest.2/f20094296.png	 20094296-20094329
/home/piotr/outputs/filtertest.2/f20291252.png	 20291252-20291255
/home/piotr/outputs/filtertest.2/f20291286.png	 20291286-20291287
/home/piotr/outputs/filtertest.2/f20373874.png	 20373874-20373875
/home/piotr/outputs/filtertest.2/f20398624.png	 20398624-20398725
/home/piotr/outputs/filtertest.2/f20726078.png	 20726078-20726079
/home/piotr/outputs/filtertest.2/f20768266.png	 20768266-20768285
/home/piotr/outputs/filtertest.2/f20789886.png	 20789886-20789887
/home/piotr/outputs/filtertest.2/f20939830.png	 20939830-20939833
Elapsed time 0h00m03s
Pass 1 +795 files
png: 781/786 recovered
jpg: 14/29 recovered
Total: 795 files found

20964680 sectors contain unknown data, 20 invalid files found and rejected.
PhotoRec exited normally.
